> Task :expo-updates-gradle-plugin:pluginDescriptors UP-TO-DATE
> Task :expo-updates-gradle-plugin:processResources UP-TO-DATE
> Task :expo-dev-launcher-gradle-plugin:compileKotlin UP-TO-DATE
> Task :gradle-plugin:compileKotlin UP-TO-DATE
> Task :gradle-plugin:compileJava NO-SOURCE
> Task :expo-dev-launcher-gradle-plugin:compileJava NO-SOURCE
> Task :expo-dev-launcher-gradle-plugin:pluginDescriptors UP-TO-DATE
> Task :gradle-plugin:pluginDescriptors UP-TO-DATE
> Task :gradle-plugin:processResources UP-TO-DATE
> Task :expo-dev-launcher-gradle-plugin:processResources UP-TO-DATE
> Task :gradle-plugin:classes UP-TO-DATE
> Task :expo-dev-launcher-gradle-plugin:classes UP-TO-DATE
> Task :gradle-plugin:jar UP-TO-DATE
> Task :expo-dev-launcher-gradle-plugin:jar UP-TO-DATE
> Task :expo-dev-launcher-gradle-plugin:inspectClassesForKotlinIC UP-TO-DATE
> Task :gradle-plugin:inspectClassesForKotlinIC UP-TO-DATE
> Task :expo-updates-gradle-plugin:compileKotlin UP-TO-DATE
> Task :expo-updates-gradle-plugin:compileJava NO-SOURCE
> Task :expo-updates-gradle-plugin:classes UP-TO-DATE
> Task :expo-updates-gradle-plugin:jar UP-TO-DATE
> Task :expo-updates-gradle-plugin:inspectClassesForKotlinIC UP-TO-DATE

> Configure project :app
 ??  [33mApplying gradle plugin[0m '[32mexpo-dev-launcher-gradle-plugin[0m' (expo-dev-launcher@3.6.10)
 ??  [33mApplying gradle plugin[0m '[32mexpo-updates-gradle-plugin[0m' (expo-updates@0.24.13)

FAILURE: Build completed with 2 failures.

1: Task failed with an exception.
-----------
* Where:
Script 'C:\Users\Bruno\Documents\AppAgro\agrogb-mobile.-main\node_modules\expo-modules-autolinking\scripts\android\autolinking_implementation.gradle' line: 377

* What went wrong:
A problem occurred evaluating project ':expo'.
> A problem occurred configuring project ':expo-modules-core'.
   > com.android.builder.errors.EvalIssueException: SDK location not found. Define a valid SDK location with an ANDROID_HOME environment variable or by setting the sdk.dir path in your project's local properties file at 'C:\Users\Bruno\Documents\AppAgro\agrogb-mobile.-main\android\local.properties'.

* Try:
> Run with --stacktrace option to get the stack trace.
> Run with --info or --debug option to get more log output.
> Run with --scan to get full insights.
> Get more help at https://help.gradle.org.
==============================================================================

2: Task failed with an exception.
-----------
* Where:
Script 'C:\Users\Bruno\Documents\AppAgro\agrogb-mobile.-main\node_modules\expo-modules-core\android\ExpoModulesCorePlugin.gradle' line: 76

* What went wrong:
A problem occurred configuring project ':expo'.
> Could not get unknown property 'release' for SoftwareComponent container of type org.gradle.api.internal.component.DefaultSoftwareComponentContainer.

* Try:
> Run with --stacktrace option to get the stack trace.
> Run with --info or --debug option to get more log output.
> Run with --scan to get full insights.
> Get more help at https://help.gradle.org.
==============================================================================

15 actionable tasks: 15 up-to-date
BUILD FAILED in 21s
